<?xml version="1.0" encoding="UTF-8"?>
<!-- Generated by org.testng.reporters.JUnitReportReporter -->
<testsuite hostname="LAPTOP-VNUSMERF" failures="0" tests="2" name="testClasses.LoginPageTestCases" time="6.491" errors="0" timestamp="2025-03-22T00:51:50 IST" skipped="0">
  <testcase classname="testClasses.LoginPageTestCases" name="verifyTheExactPageIsOpenesWhileHittingTheURL_UsingTitle" time="2.917"/>
  <testcase classname="testClasses.LoginPageTestCases" name="verifySuccessfulLogIn" time="3.574"/>
</testsuite> <!-- testClasses.LoginPageTestCases -->
