<?xml version="1.0" encoding="UTF-8"?>
<!-- Generated by org.testng.reporters.JUnitReportReporter -->
<testsuite hostname="LAPTOP-VNUSMERF" failures="0" tests="1" name="testClasses.CategoryPageTestCases" time="5.879" errors="0" timestamp="2025-03-16T09:30:00 IST" skipped="0">
  <testcase classname="testClasses.CategoryPageTestCases" name="verifyTheAddCategoryFunctionality" time="5.879"/>
</testsuite> <!-- testClasses.CategoryPageTestCases -->
