<?xml version="1.0" encoding="UTF-8"?>
<!-- Generated by org.testng.reporters.JUnitReportReporter -->
<testsuite hostname="LAPTOP-VNUSMERF" failures="0" tests="1" name="testClasses.ManageProductTestCases" time="8.861" errors="0" timestamp="2025-03-16T09:51:58 IST" skipped="0">
  <testcase classname="testClasses.ManageProductTestCases" name="verifyTheSeachFunctionality" time="8.861"/>
</testsuite> <!-- testClasses.ManageProductTestCases -->
