<?xml version="1.0" encoding="UTF-8"?>
<!-- Generated by org.testng.reporters.JUnitReportReporter -->
<testsuite hostname="LAPTOP-VNUSMERF" failures="0" tests="2" name="testClasses.DashBoardTestCases" time="14.876" errors="0" timestamp="2025-03-22T00:04:21 IST" skipped="0">
  <testcase classname="testClasses.DashBoardTestCases" name="verifyAllTilesAreDisplayedOnDashBoardPage" time="9.641"/>
  <testcase classname="testClasses.DashBoardTestCases" name="verifyAllTilesAreDisplayedOnDashBoardPage" time="5.235"/>
</testsuite> <!-- testClasses.DashBoardTestCases -->
