<?xml version="1.0" encoding="UTF-8"?>
<!-- Generated by org.testng.reporters.JUnitReportReporter -->
<testsuite hostname="LAPTOP-VNUSMERF" failures="0" tests="1" name="testClasses.DashBoardTestCases" time="4.911" errors="0" timestamp="2025-03-16T09:34:28 IST" skipped="0">
  <testcase classname="testClasses.DashBoardTestCases" name="verifyAllTilesAreDisplayedOnDashBoardPage" time="4.911"/>
</testsuite> <!-- testClasses.DashBoardTestCases -->
