<?xml version="1.0" encoding="UTF-8"?>
<!-- Generated by org.testng.reporters.JUnitReportReporter -->
<testsuite hostname="LAPTOP-VNUSMERF" failures="0" tests="2" name="testClasses.DashBoardTestCases" time="8.815" errors="0" timestamp="2025-03-21T12:06:42 IST" skipped="0">
  <testcase classname="testClasses.DashBoardTestCases" name="verifyAllTilesAreDisplayedOnDashBoardPage" time="4.056"/>
  <testcase classname="testClasses.DashBoardTestCases" name="verifyAllTilesAreDisplayedOnDashBoardPage" time="4.759"/>
</testsuite> <!-- testClasses.DashBoardTestCases -->
