<?xml version="1.0" encoding="UTF-8"?>
<!-- Generated by org.testng.reporters.JUnitReportReporter -->
<testsuite hostname="LAPTOP-VNUSMERF" failures="0" tests="1" name="testClasses.LoginPageTestCases" time="4.608" errors="0" timestamp="2025-03-17T11:20:12 IST" skipped="0">
  <testcase classname="testClasses.LoginPageTestCases" name="verifyTheExactPageIsOpenesWhileHittingTheURL_UsingTitle" time="4.608"/>
</testsuite> <!-- testClasses.LoginPageTestCases -->
